--- Starting Backup: Wed Feb  4 14:53:00 UTC 2026 ---
[master 09acce1] Auto-Backup: 2026-02-04 14:53:00
 Committer: Ubuntu <ubuntu@ip-172-31-19-250.ec2.internal>
Your name and email address were configured automatically based
on your username and hostname. Please check that they are accurate.
You can suppress this message by setting them explicitly. Run the
following command and follow the instructions in your editor to edit
your configuration file:

    git config --global --edit

After doing this, you may fix the identity used for this commit with:

    git commit --amend --reset-author

 2 files changed, 53 insertions(+)
 create mode 100755 maintenance.sh
 create mode 100755 notify_ip.sh
To https://github.com/intriasolutions-agency/INTRIA-BOT.git
   c2d0fd0..09acce1  master -> master
Backup Successful.
--- Starting Backup: Thu Feb  5 03:30:01 UTC 2026 ---
On branch master
Your branch is up to date with 'origin/master'.

Changes not staged for commit:
  (use "git add <file>..." to update what will be committed)
  (use "git restore <file>..." to discard changes in working directory)
	modified:   backup.log

no changes added to commit (use "git add" and/or "git commit -a")
Everything up-to-date
Backup Successful.
